Using pre-set license
Built from '2022.3/staging' branch; Version is '2022.3.10f1 (ff3792e53c62) revision 16725906'; Using compiler version '192829333'; Build Type 'Release'
OS: 'Windows 11  (10.0.22631) 64bit CoreCountrySpecific' Language: 'zh' Physical Memory: 15724 MB
BatchMode: 1, IsHumanControllingUs: 0, StartBugReporterOnCrash: 0, Is64bit: 1, IsPro: 1

COMMAND LINE ARGUMENTS:
D:\Program Files\Unity\Hub\Editor\2022.3.10f1\Editor\Unity.exe
-adb2
-batchMode
-noUpm
-name
AssetImportWorker0
-projectPath
D:/myUnity/2dhdArtRes/HD-2D-Project
-logFile
Logs/AssetImportWorker0.log
-srvPort
12015
Successfully changed project path to: D:/myUnity/2dhdArtRes/HD-2D-Project
D:/myUnity/2dhdArtRes/HD-2D-Project
[UnityMemory] Configuration Parameters - Can be set up in boot.config
    "memorysetup-bucket-allocator-granularity=16"
    "memorysetup-bucket-allocator-bucket-count=8"
    "memorysetup-bucket-allocator-block-size=33554432"
    "memorysetup-bucket-allocator-block-count=8"
    "memorysetup-main-allocator-block-size=16777216"
    "memorysetup-thread-allocator-block-size=16777216"
    "memorysetup-gfx-main-allocator-block-size=16777216"
    "memorysetup-gfx-thread-allocator-block-size=16777216"
    "memorysetup-cache-allocator-block-size=4194304"
    "memorysetup-typetree-allocator-block-size=2097152"
    "memorysetup-profiler-bucket-allocator-granularity=16"
    "memorysetup-profiler-bucket-allocator-bucket-count=8"
    "memorysetup-profiler-bucket-allocator-block-size=33554432"
    "memorysetup-profiler-bucket-allocator-block-count=8"
    "memorysetup-profiler-allocator-block-size=16777216"
    "memorysetup-profiler-editor-allocator-block-size=1048576"
    "memorysetup-temp-allocator-size-main=16777216"
    "memorysetup-job-temp-allocator-block-size=2097152"
    "memorysetup-job-temp-allocator-block-size-background=1048576"
    "memorysetup-job-temp-allocator-reduction-small-platforms=262144"
    "memorysetup-allocator-temp-initial-block-size-main=262144"
    "memorysetup-allocator-temp-initial-block-size-worker=262144"
    "memorysetup-temp-allocator-size-background-worker=32768"
    "memorysetup-temp-allocator-size-job-worker=262144"
    "memorysetup-temp-allocator-size-preload-manager=33554432"
    "memorysetup-temp-allocator-size-nav-mesh-worker=65536"
    "memorysetup-temp-allocator-size-audio-worker=65536"
    "memorysetup-temp-allocator-size-cloud-worker=32768"
    "memorysetup-temp-allocator-size-gi-baking-worker=262144"
    "memorysetup-temp-allocator-size-gfx=262144"
Player connection [35228] Host "[IP] 172.26.208.1 [Port] 0 [Flags] 2 [Guid] 1176947965 [EditorId] 1176947965 [Version] 1048832 [Id] WindowsEditor(7,LAPTOP-9L3D2I7G) [Debug] 1 [PackageName] WindowsEditor [ProjectName] Editor" joined multi-casting on [225.0.0.222:54997]...

Player connection [35228] Host "[IP] 172.26.208.1 [Port] 0 [Flags] 2 [Guid] 1176947965 [EditorId] 1176947965 [Version] 1048832 [Id] WindowsEditor(7,LAPTOP-9L3D2I7G) [Debug] 1 [PackageName] WindowsEditor [ProjectName] Editor" joined alternative multi-casting on [225.0.0.222:34997]...

[Physics::Module] Initialized MultithreadedJobDispatcher with 15 workers.
Refreshing native plugins compatible for Editor in 10.99 ms, found 3 plugins.
Preloading 0 native plugins for Editor in 0.00 ms.
Initialize engine version: 2022.3.10f1 (ff3792e53c62)
[Subsystems] Discovering subsystems at path D:/Program Files/Unity/Hub/Editor/2022.3.10f1/Editor/Data/Resources/UnitySubsystems
[Subsystems] Discovering subsystems at path D:/myUnity/2dhdArtRes/HD-2D-Project/Assets
GfxDevice: creating device client; threaded=0; jobified=0
Direct3D:
    Version:  Direct3D 11.0 [level 11.1]
    Renderer: NVIDIA GeForce RTX 3060 Laptop GPU (ID=0x2520)
    Vendor:   NVIDIA
    VRAM:     6009 MB
    Driver:   31.0.15.3118
Initialize mono
Mono path[0] = 'D:/Program Files/Unity/Hub/Editor/2022.3.10f1/Editor/Data/Managed'
Mono path[1] = 'D:/Program Files/Unity/Hub/Editor/2022.3.10f1/Editor/Data/MonoBleedingEdge/lib/mono/unityjit-win32'
Mono config path = 'D:/Program Files/Unity/Hub/Editor/2022.3.10f1/Editor/Data/MonoBleedingEdge/etc'
Using monoOptions --debugger-agent=transport=dt_socket,embedding=1,server=y,suspend=n,address=127.0.0.1:56088
Begin MonoManager ReloadAssembly
Registering precompiled unity dll's ...
Register platform support module: D:/Program Files/Unity/Hub/Editor/2022.3.10f1/Editor/Data/PlaybackEngines/WebGLSupport/UnityEditor.WebGL.Extensions.dll
Register platform support module: D:/Program Files/Unity/Hub/Editor/2022.3.10f1/Editor/Data/PlaybackEngines/WindowsStandaloneSupport/UnityEditor.WindowsStandalone.Extensions.dll
Registered in 0.004469 seconds.
- Loaded All Assemblies, in  0.348 seconds
Native extension for WindowsStandalone target not found
Native extension for WebGL target not found
Mono: successfully reloaded assembly
- Finished resetting the current domain, in  0.223 seconds
Domain Reload Profiling: 571ms
	BeginReloadAssembly (124ms)
		ExecutionOrderSort (0ms)
		DisableScriptedObjects (0ms)
		BackupInstance (0ms)
		ReleaseScriptingObjects (0ms)
		CreateAndSetChildDomain (1ms)
	RebuildCommonClasses (32ms)
	RebuildNativeTypeToScriptingClass (8ms)
	initialDomainReloadingComplete (48ms)
	LoadAllAssembliesAndSetupDomain (135ms)
		LoadAssemblies (123ms)
		RebuildTransferFunctionScriptingTraits (0ms)
		AnalyzeDomain (133ms)
			TypeCache.Refresh (131ms)
				TypeCache.ScanAssembly (119ms)
			ScanForSourceGeneratedMonoScriptInfo (0ms)
			ResolveRequiredComponents (0ms)
	FinalizeReload (223ms)
		ReleaseScriptCaches (0ms)
		RebuildScriptCaches (0ms)
		SetupLoadedEditorAssemblies (172ms)
			LogAssemblyErrors (0ms)
			InitializePlatformSupportModulesInManaged (9ms)
			SetLoadedEditorAssemblies (5ms)
			RefreshPlugins (0ms)
			BeforeProcessingInitializeOnLoad (2ms)
			ProcessInitializeOnLoadAttributes (113ms)
			ProcessInitializeOnLoadMethodAttributes (44ms)
			AfterProcessingInitializeOnLoad (0ms)
			EditorAssembliesLoaded (0ms)
		ExecutionOrderSort2 (0ms)
		AwakeInstancesAfterBackupRestoration (0ms)
========================================================================
Worker process is ready to serve import requests
Begin MonoManager ReloadAssembly
- Loaded All Assemblies, in  0.739 seconds
Refreshing native plugins compatible for Editor in 3.19 ms, found 3 plugins.
Native extension for WindowsStandalone target not found
Native extension for WebGL target not found
Package Manager log level set to [2]
[Package Manager] Server::EnsureServerProcessIsRunning -- launch failed, reason: Unity was launched with the -noUpm command-line argument
[Package Manager] UpmClient::Send -- Unable to send message (not connected to UPM process).
[Package Manager] Cannot connect to Unity Package Manager local server
Mono: successfully reloaded assembly
- Finished resetting the current domain, in  0.788 seconds
Domain Reload Profiling: 1527ms
	BeginReloadAssembly (175ms)
		ExecutionOrderSort (0ms)
		DisableScriptedObjects (6ms)
		BackupInstance (0ms)
		ReleaseScriptingObjects (0ms)
		CreateAndSetChildDomain (34ms)
	RebuildCommonClasses (33ms)
	RebuildNativeTypeToScriptingClass (10ms)
	initialDomainReloadingComplete (37ms)
	LoadAllAssembliesAndSetupDomain (484ms)
		LoadAssemblies (365ms)
		RebuildTransferFunctionScriptingTraits (0ms)
		AnalyzeDomain (217ms)
			TypeCache.Refresh (180ms)
				TypeCache.ScanAssembly (162ms)
			ScanForSourceGeneratedMonoScriptInfo (27ms)
			ResolveRequiredComponents (9ms)
	FinalizeReload (788ms)
		ReleaseScriptCaches (0ms)
		RebuildScriptCaches (0ms)
		SetupLoadedEditorAssemblies (623ms)
			LogAssemblyErrors (0ms)
			InitializePlatformSupportModulesInManaged (6ms)
			SetLoadedEditorAssemblies (4ms)
			RefreshPlugins (0ms)
			BeforeProcessingInitializeOnLoad (77ms)
			ProcessInitializeOnLoadAttributes (454ms)
			ProcessInitializeOnLoadMethodAttributes (80ms)
			AfterProcessingInitializeOnLoad (3ms)
			EditorAssembliesLoaded (0ms)
		ExecutionOrderSort2 (0ms)
		AwakeInstancesAfterBackupRestoration (6ms)
Launched and connected shader compiler UnityShaderCompiler.exe after 0.06 seconds
Refreshing native plugins compatible for Editor in 3.45 ms, found 3 plugins.
Preloading 0 native plugins for Editor in 0.00 ms.
Unloading 6127 Unused Serialized files (Serialized files now loaded: 0)
Unloading 96 unused Assets / (464.8 KB). Loaded Objects now: 6602.
Memory consumption went from 239.5 MB to 239.0 MB.
Total: 4.587900 ms (FindLiveObjects: 0.721500 ms CreateObjectMapping: 0.229400 ms MarkObjects: 3.339000 ms  DeleteObjects: 0.296400 ms)

AssetImportParameters requested are different than current active one (requested -> active):
  custom:container-demuxer-ogg: 62fdf1f143b41e24485cea50d1cbac27 -> 
  custom:video-decoder-ogg-theora: a1e56fd34408186e4bbccfd4996cb3dc -> 
  custom:framework-win-MediaFoundation: 216162199b28c13a410421893ffa2e32 -> 
  custom:CustomObjectIndexerAttribute: a3ef5dd2817f97addfee359851a9dba5 -> 
  custom:container-demuxer-webm: 4f35f7cbe854078d1ac9338744f61a02 -> 
  custom:container-muxer-webm: aa71ff27fc2769a1b78a27578f13a17b -> 
  custom:video-decoder-webm-vp8: 9c59270c3fd7afecdb556c50c9e8de78 -> 
  custom:SearchIndexIgnoredProperties: e643bd26f0fe6173181afceb89e7c659 -> 
  custom:AudioImporter_EditorPlatform: d09bf68614088b80899f8185d706f6e7 -> 
  custom:video-encoder-webm-vp8: eb34c28f22e8b96e1ab97ce403110664 -> 
  custom:audio-decoder-ogg-vorbis: bf7c407c2cedff20999df2af8eb42d56 -> 
  custom:audio-encoder-webm-vorbis: bf7c407c2cedff20999df2af8eb42d56 -> 
========================================================================
Received Import Request.
  Time since last request: 430899.692513 seconds.
  path: Assets/MyAssets/Characters/NpcClf_MerchantB
  artifactKey: Guid(fc8b3ff61c5bee74a895b34005117f49) Importer(815301076,1909f56bfc062723c751e8b465ee728b)
Start importing Assets/MyAssets/Characters/NpcClf_MerchantB using Guid(fc8b3ff61c5bee74a895b34005117f49) Importer(815301076,1909f56bfc062723c751e8b465ee728b)  -> (artifact id: '9a4b5acb349c3f4566d50c70f9e239c5') in 0.002430 seconds
Number of updated asset objects reloaded before import = 0
Number of asset objects unloaded after import = 0
========================================================================
Received Import Request.
  Time since last request: 24.472468 seconds.
  path: Assets/MyAssets/Characters/NpcClf_MerchantB/ChrTX_NpcClf_MerchantB_cl.png
  artifactKey: Guid(4de54b1e59cff9f4e905dbef77e52d49) Importer(815301076,1909f56bfc062723c751e8b465ee728b)
Start importing Assets/MyAssets/Characters/NpcClf_MerchantB/ChrTX_NpcClf_MerchantB_cl.png using Guid(4de54b1e59cff9f4e905dbef77e52d49) Importer(815301076,1909f56bfc062723c751e8b465ee728b)  -> (artifact id: 'ef319341c006af4f0a60d9ea08b27305') in 0.045894 seconds
Number of updated asset objects reloaded before import = 0
Number of asset objects unloaded after import = 2
========================================================================
Received Import Request.
  Time since last request: 0.395481 seconds.
  path: Assets/MyAssets/Characters/NpcClf_MerchantB/ChrTX_NpcClf_MerchantB_no.png
  artifactKey: Guid(a623ebea63fe551489cffaa0c83a2938) Importer(815301076,1909f56bfc062723c751e8b465ee728b)
Start importing Assets/MyAssets/Characters/NpcClf_MerchantB/ChrTX_NpcClf_MerchantB_no.png using Guid(a623ebea63fe551489cffaa0c83a2938) Importer(815301076,1909f56bfc062723c751e8b465ee728b)  -> (artifact id: '5bf440ba55042f75a1b871b38b53d6f3') in 0.022406 seconds
Number of updated asset objects reloaded before import = 0
Number of asset objects unloaded after import = 2
========================================================================
Received Import Request.
  Time since last request: 4.513132 seconds.
  path: Assets/MyAssets/Characters/NpcClf_MerchantB/ChrTX_NpcClf_MerchantB_no.png
  artifactKey: Guid(a623ebea63fe551489cffaa0c83a2938) Importer(815301076,1909f56bfc062723c751e8b465ee728b)
Start importing Assets/MyAssets/Characters/NpcClf_MerchantB/ChrTX_NpcClf_MerchantB_no.png using Guid(a623ebea63fe551489cffaa0c83a2938) Importer(815301076,1909f56bfc062723c751e8b465ee728b)  -> (artifact id: '1ab7d7bd47fba858f13ac56de3888d86') in 0.042681 seconds
Number of updated asset objects reloaded before import = 0
Number of asset objects unloaded after import = 2
========================================================================
Received Import Request.
  Time since last request: 9.136908 seconds.
  path: Assets/MyAssets/Characters/NpcClf_MerchantB/ChrTX_NpcClf_MerchantB_cl.png
  artifactKey: Guid(4de54b1e59cff9f4e905dbef77e52d49) Importer(815301076,1909f56bfc062723c751e8b465ee728b)
Start importing Assets/MyAssets/Characters/NpcClf_MerchantB/ChrTX_NpcClf_MerchantB_cl.png using Guid(4de54b1e59cff9f4e905dbef77e52d49) Importer(815301076,1909f56bfc062723c751e8b465ee728b)  -> (artifact id: '691e3bea54bf7531599764cdd6072980') in 0.019312 seconds
Number of updated asset objects reloaded before import = 0
Number of asset objects unloaded after import = 2
========================================================================
Received Import Request.
  Time since last request: 13.201190 seconds.
  path: Assets/MyAssets/Characters/NpcClf_MerchantB/ChrTX_NpcClf_MerchantB_cl.png
  artifactKey: Guid(4de54b1e59cff9f4e905dbef77e52d49) Importer(815301076,1909f56bfc062723c751e8b465ee728b)
Start importing Assets/MyAssets/Characters/NpcClf_MerchantB/ChrTX_NpcClf_MerchantB_cl.png using Guid(4de54b1e59cff9f4e905dbef77e52d49) Importer(815301076,1909f56bfc062723c751e8b465ee728b)  -> (artifact id: 'c3485785bb658daa42e4457a38fffb6e') in 0.238277 seconds
Number of updated asset objects reloaded before import = 0
Number of asset objects unloaded after import = 132
========================================================================
Received Import Request.
  Time since last request: 61.130387 seconds.
  path: Assets/MyAssets/Characters/NpcClf_MerchantB/NPC2.controller
  artifactKey: Guid(57e9570a22f75274ea8a0b1d81510ec8) Importer(815301076,1909f56bfc062723c751e8b465ee728b)
Start importing Assets/MyAssets/Characters/NpcClf_MerchantB/NPC2.controller using Guid(57e9570a22f75274ea8a0b1d81510ec8) Importer(815301076,1909f56bfc062723c751e8b465ee728b)  -> (artifact id: 'e4f826400390001413a7367f62a40914') in 0.001888 seconds
Number of updated asset objects reloaded before import = 0
Number of asset objects unloaded after import = 1
========================================================================
Received Import Request.
  Time since last request: 16.721525 seconds.
  path: Assets/MyAssets/Characters/NpcClf_MerchantB/NPC2_idle.anim
  artifactKey: Guid(727674c0294a6d74dae7de83eb1ec369) Importer(815301076,1909f56bfc062723c751e8b465ee728b)
Start importing Assets/MyAssets/Characters/NpcClf_MerchantB/NPC2_idle.anim using Guid(727674c0294a6d74dae7de83eb1ec369) Importer(815301076,1909f56bfc062723c751e8b465ee728b)  -> (artifact id: '58d93a5b1b5fe6fc31d53b7a2a5d09b5') in 0.001283 seconds
Number of updated asset objects reloaded before import = 0
Number of asset objects unloaded after import = 1
========================================================================
Received Import Request.
  Time since last request: 401.317994 seconds.
  path: Assets/MyAssets/Characters/NpcClf_MerchantB/NPC2.controller
  artifactKey: Guid(57e9570a22f75274ea8a0b1d81510ec8) Importer(815301076,1909f56bfc062723c751e8b465ee728b)
Start importing Assets/MyAssets/Characters/NpcClf_MerchantB/NPC2.controller using Guid(57e9570a22f75274ea8a0b1d81510ec8) Importer(815301076,1909f56bfc062723c751e8b465ee728b)  -> (artifact id: '81f18980bcdf85127cb5ec78b9a21bae') in 0.001577 seconds
Number of updated asset objects reloaded before import = 0
Number of asset objects unloaded after import = 4
========================================================================
Received Import Request.
  Time since last request: 1.865988 seconds.
  path: Assets/MyAssets/Characters/NpcClf_MerchantB/NPC2_idle.anim
  artifactKey: Guid(727674c0294a6d74dae7de83eb1ec369) Importer(815301076,1909f56bfc062723c751e8b465ee728b)
Start importing Assets/MyAssets/Characters/NpcClf_MerchantB/NPC2_idle.anim using Guid(727674c0294a6d74dae7de83eb1ec369) Importer(815301076,1909f56bfc062723c751e8b465ee728b)  -> (artifact id: '4666d97a074632a73c8753396bad370d') in 0.001533 seconds
Number of updated asset objects reloaded before import = 0
Number of asset objects unloaded after import = 1
========================================================================
Received Import Request.
  Time since last request: 2.577368 seconds.
  path: Assets/MyAssets/Characters/NpcClf_MerchantB/NPC2_idle 1.anim
  artifactKey: Guid(c57333b4d2dbe8142a607a4608f896fe) Importer(815301076,1909f56bfc062723c751e8b465ee728b)
Start importing Assets/MyAssets/Characters/NpcClf_MerchantB/NPC2_idle 1.anim using Guid(c57333b4d2dbe8142a607a4608f896fe) Importer(815301076,1909f56bfc062723c751e8b465ee728b)  -> (artifact id: '4f1ce781b0b3c206c3196c4f975252a4') in 0.001185 seconds
Number of updated asset objects reloaded before import = 0
Number of asset objects unloaded after import = 1
========================================================================
Received Import Request.
  Time since last request: 3.416817 seconds.
  path: Assets/MyAssets/Characters/NpcClf_MerchantB/NPC2_up.anim
  artifactKey: Guid(c57333b4d2dbe8142a607a4608f896fe) Importer(815301076,1909f56bfc062723c751e8b465ee728b)
Start importing Assets/MyAssets/Characters/NpcClf_MerchantB/NPC2_up.anim using Guid(c57333b4d2dbe8142a607a4608f896fe) Importer(815301076,1909f56bfc062723c751e8b465ee728b)  -> (artifact id: '7f4ffc4917a9890cb8265d9548b4341d') in 0.001363 seconds
Number of updated asset objects reloaded before import = 0
Number of asset objects unloaded after import = 1
========================================================================
Received Import Request.
  Time since last request: 189.207683 seconds.
  path: Assets/MyAssets/Characters/NpcClf_MerchantB/NPC2.controller
  artifactKey: Guid(57e9570a22f75274ea8a0b1d81510ec8) Importer(815301076,1909f56bfc062723c751e8b465ee728b)
Start importing Assets/MyAssets/Characters/NpcClf_MerchantB/NPC2.controller using Guid(57e9570a22f75274ea8a0b1d81510ec8) Importer(815301076,1909f56bfc062723c751e8b465ee728b)  -> (artifact id: 'a2aa11c8aa8eb28726845edb55849e3d') in 0.002710 seconds
Number of updated asset objects reloaded before import = 0
Number of asset objects unloaded after import = 7
========================================================================
Received Import Request.
  Time since last request: 33.487160 seconds.
  path: Assets/MyAssets/Characters/NpcClf_MerchantB/NPC2_left.anim
  artifactKey: Guid(3d044fabef7e54b4aa2da7f824aab50f) Importer(815301076,1909f56bfc062723c751e8b465ee728b)
Start importing Assets/MyAssets/Characters/NpcClf_MerchantB/NPC2_left.anim using Guid(3d044fabef7e54b4aa2da7f824aab50f) Importer(815301076,1909f56bfc062723c751e8b465ee728b)  -> (artifact id: 'a6572e4091b809d225f67f7545e3062d') in 0.001825 seconds
Number of updated asset objects reloaded before import = 0
Number of asset objects unloaded after import = 1
========================================================================
Received Import Request.
  Time since last request: 133.320725 seconds.
  path: Assets/MyAssets/Characters/NpcClf_MerchantB/NPC2.controller
  artifactKey: Guid(57e9570a22f75274ea8a0b1d81510ec8) Importer(815301076,1909f56bfc062723c751e8b465ee728b)
Start importing Assets/MyAssets/Characters/NpcClf_MerchantB/NPC2.controller using Guid(57e9570a22f75274ea8a0b1d81510ec8) Importer(815301076,1909f56bfc062723c751e8b465ee728b)  -> (artifact id: '0b063032f420b58898f441e2b9a6ebaf') in 0.001966 seconds
Number of updated asset objects reloaded before import = 0
Number of asset objects unloaded after import = 10
========================================================================
Received Prepare
Begin MonoManager ReloadAssembly
- Loaded All Assemblies, in  0.465 seconds
Refreshing native plugins compatible for Editor in 2.93 ms, found 3 plugins.
Native extension for WindowsStandalone target not found
Native extension for WebGL target not found
[Package Manager] Server::EnsureServerProcessIsRunning -- launch failed, reason: Unity was launched with the -noUpm command-line argument
[Package Manager] UpmClient::Send -- Unable to send message (not connected to UPM process).
[Package Manager] Cannot connect to Unity Package Manager local server
Mono: successfully reloaded assembly
- Finished resetting the current domain, in  2.640 seconds
Domain Reload Profiling: 3104ms
	BeginReloadAssembly (157ms)
		ExecutionOrderSort (0ms)
		DisableScriptedObjects (5ms)
		BackupInstance (0ms)
		ReleaseScriptingObjects (0ms)
		CreateAndSetChildDomain (37ms)
	RebuildCommonClasses (27ms)
	RebuildNativeTypeToScriptingClass (9ms)
	initialDomainReloadingComplete (21ms)
	LoadAllAssembliesAndSetupDomain (249ms)
		LoadAssemblies (287ms)
		RebuildTransferFunctionScriptingTraits (0ms)
		AnalyzeDomain (45ms)
			TypeCache.Refresh (8ms)
				TypeCache.ScanAssembly (0ms)
			ScanForSourceGeneratedMonoScriptInfo (25ms)
			ResolveRequiredComponents (12ms)
	FinalizeReload (2641ms)
		ReleaseScriptCaches (0ms)
		RebuildScriptCaches (0ms)
		SetupLoadedEditorAssemblies (480ms)
			LogAssemblyErrors (0ms)
			InitializePlatformSupportModulesInManaged (5ms)
			SetLoadedEditorAssemblies (3ms)
			RefreshPlugins (0ms)
			BeforeProcessingInitializeOnLoad (70ms)
			ProcessInitializeOnLoadAttributes (343ms)
			ProcessInitializeOnLoadMethodAttributes (58ms)
			AfterProcessingInitializeOnLoad (2ms)
			EditorAssembliesLoaded (0ms)
		ExecutionOrderSort2 (0ms)
		AwakeInstancesAfterBackupRestoration (14ms)
Refreshing native plugins compatible for Editor in 3.23 ms, found 3 plugins.
Preloading 0 native plugins for Editor in 0.00 ms.
Unloading 5948 Unused Serialized files (Serialized files now loaded: 0)
Unloading 46 unused Assets / (462.7 KB). Loaded Objects now: 6664.
Memory consumption went from 210.7 MB to 210.3 MB.
Total: 5.217800 ms (FindLiveObjects: 0.471900 ms CreateObjectMapping: 0.733900 ms MarkObjects: 3.758800 ms  DeleteObjects: 0.251800 ms)

Prepare: number of updated asset objects reloaded= 0
AssetImportParameters requested are different than current active one (requested -> active):
  custom:container-demuxer-ogg: 62fdf1f143b41e24485cea50d1cbac27 -> 
  custom:video-decoder-ogg-theora: a1e56fd34408186e4bbccfd4996cb3dc -> 
  custom:framework-win-MediaFoundation: 216162199b28c13a410421893ffa2e32 -> 
  custom:CustomObjectIndexerAttribute: a3ef5dd2817f97addfee359851a9dba5 -> 
  custom:container-demuxer-webm: 4f35f7cbe854078d1ac9338744f61a02 -> 
  custom:container-muxer-webm: aa71ff27fc2769a1b78a27578f13a17b -> 
  custom:video-decoder-webm-vp8: 9c59270c3fd7afecdb556c50c9e8de78 -> 
  custom:SearchIndexIgnoredProperties: e643bd26f0fe6173181afceb89e7c659 -> 
  custom:AudioImporter_EditorPlatform: d09bf68614088b80899f8185d706f6e7 -> 
  custom:video-encoder-webm-vp8: eb34c28f22e8b96e1ab97ce403110664 -> 
  custom:audio-decoder-ogg-vorbis: bf7c407c2cedff20999df2af8eb42d56 -> 
  custom:audio-encoder-webm-vorbis: bf7c407c2cedff20999df2af8eb42d56 -> 
========================================================================
Received Import Request.
  Time since last request: 90.670346 seconds.
  path: Assets/Scripts/NPC/NPCWander.cs
  artifactKey: Guid(e353733089a9b4b4a9094ba60486c947) Importer(815301076,1909f56bfc062723c751e8b465ee728b)
Start importing Assets/Scripts/NPC/NPCWander.cs using Guid(e353733089a9b4b4a9094ba60486c947) Importer(815301076,1909f56bfc062723c751e8b465ee728b)  -> (artifact id: 'c2a724b49b574de128d5cd447a412f34') in 0.013979 seconds
Number of updated asset objects reloaded before import = 0
Number of asset objects unloaded after import = 0
